<?xml version="1.0" encoding="UTF-8"?>
<!-- Generated by org.testng.reporters.JUnitXMLReporter -->
<testsuite ignored="0" hostname="Akash96" failures="0" tests="3" name="ChromeTest" time="5.751" errors="0" timestamp="2021-11-17T16:08:46 IST">
  <testcase classname="TestPackage.FbTestClass" name="@BeforeClass beforeClass" time="5.597">
    <failure type="org.openqa.selenium.SessionNotCreatedException" message="session not created: This version of ChromeDriver only supports Chrome version 94
Current browser version is 96.0.4664.45 with binary path C:\Program Files (x86)\Google\Chrome\Application\chrome.exe
Build info: version: &amp;apos;3.141.59&amp;apos;, revision: &amp;apos;e82be7d358&amp;apos;, time: &amp;apos;2018-11-14T08:25:53&amp;apos;
System info: host: &amp;apos;AKASH96&amp;apos;, ip: &amp;apos;192.168.43.161&amp;apos;, os.name: &amp;apos;Windows 10&amp;apos;, os.arch: &amp;apos;amd64&amp;apos;, os.version: &amp;apos;10.0&amp;apos;, java.version: &amp;apos;16.0.1&amp;apos;
Driver info: driver.version: ChromeDriver
remote stacktrace: Backtrace:
	Ordinal0 [0x00F2BDE3+2473443]
	Ordinal0 [0x00EC6661+2057825]
	Ordinal0 [0x00DD2438+1057848]
	Ordinal0 [0x00DF054A+1181002]
	Ordinal0 [0x00DEC435+1164341]
	Ordinal0 [0x00DE9CAF+1154223]
	Ordinal0 [0x00E19ADF+1350367]
	Ordinal0 [0x00E1974A+1349450]
	Ordinal0 [0x00E155AB+1332651]
	Ordinal0 [0x00DF2104+1188100]
	Ordinal0 [0x00DF2F59+1191769]
	GetHandleVerifier [0x010B2266+1549718]
	GetHandleVerifier [0x0115D4A7+2250711]
	GetHandleVerifier [0x00FB718B+521403]
	GetHandleVerifier [0x00FB6229+517465]
	Ordinal0 [0x00ECB79D+2078621]
	Ordinal0 [0x00ECFB58+2095960]
	Ordinal0 [0x00ECFC92+2096274]
	Ordinal0 [0x00ED9541+2135361]
	BaseThreadInitThunk [0x76668494+36]
	RtlAreBitsSet [0x77ED41C8+136]
	RtlAreBitsSet [0x77ED4198+88]
">
      <![CDATA[org.openqa.selenium.SessionNotCreatedException: session not created: This version of ChromeDriver only supports Chrome version 94
Current browser version is 96.0.4664.45 with binary path C:\Program Files (x86)\Google\Chrome\Application\chrome.exe
Build info: version: '3.141.59', revision: 'e82be7d358', time: '2018-11-14T08:25:53'
System info: host: 'AKASH96', ip: '192.168.43.161', os.name: 'Windows 10', os.arch: 'amd64', os.version: '10.0', java.version: '16.0.1'
Driver info: driver.version: ChromeDriver
remote stacktrace: Backtrace:
Ordinal0 [0x00F2BDE3+2473443]
Ordinal0 [0x00EC6661+2057825]
Ordinal0 [0x00DD2438+1057848]
Ordinal0 [0x00DF054A+1181002]
Ordinal0 [0x00DEC435+1164341]
Ordinal0 [0x00DE9CAF+1154223]
Ordinal0 [0x00E19ADF+1350367]
Ordinal0 [0x00E1974A+1349450]
Ordinal0 [0x00E155AB+1332651]
Ordinal0 [0x00DF2104+1188100]
Ordinal0 [0x00DF2F59+1191769]
GetHandleVerifier [0x010B2266+1549718]
GetHandleVerifier [0x0115D4A7+2250711]
GetHandleVerifier [0x00FB718B+521403]
GetHandleVerifier [0x00FB6229+517465]
Ordinal0 [0x00ECB79D+2078621]
Ordinal0 [0x00ECFB58+2095960]
Ordinal0 [0x00ECFC92+2096274]
Ordinal0 [0x00ED9541+2135361]
BaseThreadInitThunk [0x76668494+36]
RtlAreBitsSet [0x77ED41C8+136]
RtlAreBitsSet [0x77ED4198+88]

at org.openqa.selenium.remote.W3CHandshakeResponse.lambda$errorHandler$0(W3CHandshakeResponse.java:62)
at org.openqa.selenium.remote.HandshakeResponse.lambda$getResponseFunction$0(HandshakeResponse.java:30)
at org.openqa.selenium.remote.ProtocolHandshake.lambda$createSession$0(ProtocolHandshake.java:126)
at java.base/java.util.stream.ReferencePipeline$3$1.accept(ReferencePipeline.java:197)
at java.base/java.util.Spliterators$ArraySpliterator.tryAdvance(Spliterators.java:958)
at java.base/java.util.stream.ReferencePipeline.forEachWithCancel(ReferencePipeline.java:129)
at java.base/java.util.stream.AbstractPipeline.copyIntoWithCancel(AbstractPipeline.java:502)
at java.base/java.util.stream.AbstractPipeline.copyInto(AbstractPipeline.java:488)
at java.base/java.util.stream.AbstractPipeline.wrapAndCopyInto(AbstractPipeline.java:474)
at java.base/java.util.stream.FindOps$FindOp.evaluateSequential(FindOps.java:150)
at java.base/java.util.stream.AbstractPipeline.evaluate(AbstractPipeline.java:234)
at java.base/java.util.stream.ReferencePipeline.findFirst(ReferencePipeline.java:647)
at org.openqa.selenium.remote.ProtocolHandshake.createSession(ProtocolHandshake.java:128)
at org.openqa.selenium.remote.ProtocolHandshake.createSession(ProtocolHandshake.java:74)
at org.openqa.selenium.remote.HttpCommandExecutor.execute(HttpCommandExecutor.java:136)
at org.openqa.selenium.remote.service.DriverCommandExecutor.execute(DriverCommandExecutor.java:83)
at org.openqa.selenium.remote.RemoteWebDriver.execute(RemoteWebDriver.java:552)
at org.openqa.selenium.remote.RemoteWebDriver.startSession(RemoteWebDriver.java:213)
at org.openqa.selenium.remote.RemoteWebDriver.<init>(RemoteWebDriver.java:131)
at org.openqa.selenium.chrome.ChromeDriver.<init>(ChromeDriver.java:181)
at org.openqa.selenium.chrome.ChromeDriver.<init>(ChromeDriver.java:168)
at org.openqa.selenium.chrome.ChromeDriver.<init>(ChromeDriver.java:157)
at BasePackage.Base.openChromeBrowser(Base.java:15)
at TestPackage.FbTestClass.beforeClass(FbTestClass.java:46)
at java.base/java.util.ArrayList.forEach(ArrayList.java:1511)
... Removed 30 stack frames]]>
    </failure>
  </testcase> <!-- @BeforeClass beforeClass -->
  <testcase classname="TestPackage.FbTestClass" name="@BeforeMethod beforeMethod" time="-1.637145526347E9">
    <skipped/>
  </testcase> <!-- @BeforeMethod beforeMethod -->
  <testcase classname="TestPackage.FbTestClass" name="@AfterMethod afterMethod" time="-1.637145526393E9">
    <skipped/>
  </testcase> <!-- @AfterMethod afterMethod -->
  <testcase classname="TestPackage.FbTestClass" name="@BeforeMethod beforeMethod" time="-1.6371455264E9">
    <skipped/>
  </testcase> <!-- @BeforeMethod beforeMethod -->
  <testcase classname="TestPackage.FbTestClass" name="@AfterMethod afterMethod" time="-1.637145526415E9">
    <skipped/>
  </testcase> <!-- @AfterMethod afterMethod -->
  <testcase classname="TestPackage.FbTestClass" name="@BeforeMethod beforeMethod" time="-1.637145526419E9">
    <skipped/>
  </testcase> <!-- @BeforeMethod beforeMethod -->
  <testcase classname="TestPackage.FbTestClass" name="@AfterMethod afterMethod" time="-1.637145526434E9">
    <skipped/>
  </testcase> <!-- @AfterMethod afterMethod -->
  <testcase classname="TestPackage.FbTestClass" name="@AfterClass afterClass" time="-1.637145526439E9">
    <skipped/>
  </testcase> <!-- @AfterClass afterClass -->
  <testcase classname="TestPackage.FbTestClass" name="verifyWatch" time="0.0">
    <skipped/>
  </testcase> <!-- verifyWatch -->
  <testcase classname="TestPackage.FbTestClass" name="testpost" time="0.0">
    <skipped/>
  </testcase> <!-- testpost -->
  <testcase classname="TestPackage.FbTestClass" name="testProfile" time="0.0">
    <skipped/>
  </testcase> <!-- testProfile -->
</testsuite> <!-- ChromeTest -->
