<?xml version="1.0" encoding="UTF-8"?>
<!-- Generated by org.testng.reporters.JUnitXMLReporter -->
<testsuite ignored="0" hostname="Akash96" failures="1" tests="3" name="FirefoxTest" time="83.187" errors="0" timestamp="2021-11-17T16:10:09 IST">
  <testcase classname="TestPackage.FbTestClass" name="verifyWatch" time="1.135"/>
  <testcase classname="TestPackage.FbTestClass" name="testpost" time="3.383">
    <failure type="java.lang.AssertionError" message="The following asserts failed:
	expected [Facebook] but found [(20+) Facebook]">
      <![CDATA[java.lang.AssertionError: The following asserts failed:
expected [Facebook] but found [(20+) Facebook]
at TestPackage.FbTestClass.testpost(FbTestClass.java:83)
at java.base/java.util.ArrayList.forEach(ArrayList.java:1511)
... Removed 29 stack frames]]>
    </failure>
  </testcase> <!-- testpost -->
  <testcase classname="TestPackage.FbTestClass" name="testProfile" time="2.588"/>
</testsuite> <!-- FirefoxTest -->
